{"name":"hexo","hostname":"VM_0_11_centos","pid":19711,"level":20,"msg":"Hexo version: \u001b[35m3.2.0\u001b[39m","time":"2019-06-29T02:53:57.579Z","v":0}
{"name":"hexo","hostname":"VM_0_11_centos","pid":19711,"level":20,"msg":"Working directory: \u001b[35m~/blog/\u001b[39m","time":"2019-06-29T02:53:57.583Z","v":0}
{"name":"hexo","hostname":"VM_0_11_centos","pid":19711,"level":20,"msg":"Config loaded: \u001b[35m~/blog/_config.yml\u001b[39m","time":"2019-06-29T02:53:57.666Z","v":0}
{"name":"hexo","hostname":"VM_0_11_centos","pid":19711,"level":20,"msg":"Plugin loaded: \u001b[35mhexo-deployer-git\u001b[39m","time":"2019-06-29T02:53:57.868Z","v":0}
{"name":"hexo","hostname":"VM_0_11_centos","pid":19711,"level":20,"msg":"Plugin loaded: \u001b[35mhexo-generator-archive\u001b[39m","time":"2019-06-29T02:53:57.871Z","v":0}
{"name":"hexo","hostname":"VM_0_11_centos","pid":19711,"level":20,"msg":"Plugin loaded: \u001b[35mhexo-generator-category\u001b[39m","time":"2019-06-29T02:53:57.872Z","v":0}
{"name":"hexo","hostname":"VM_0_11_centos","pid":19711,"level":20,"msg":"Plugin loaded: \u001b[35mhexo-generator-index\u001b[39m","time":"2019-06-29T02:53:57.874Z","v":0}
{"name":"hexo","hostname":"VM_0_11_centos","pid":19711,"level":20,"msg":"Plugin loaded: \u001b[35mhexo-generator-tag\u001b[39m","time":"2019-06-29T02:53:57.876Z","v":0}
{"name":"hexo","hostname":"VM_0_11_centos","pid":19711,"level":20,"msg":"Plugin loaded: \u001b[35mhexo-renderer-ejs\u001b[39m","time":"2019-06-29T02:53:57.881Z","v":0}
{"name":"hexo","hostname":"VM_0_11_centos","pid":19711,"level":20,"msg":"Plugin loaded: \u001b[35mhexo-renderer-jade\u001b[39m","time":"2019-06-29T02:53:58.348Z","v":0}
{"name":"hexo","hostname":"VM_0_11_centos","pid":19711,"level":20,"msg":"Plugin loaded: \u001b[35mhexo-renderer-less\u001b[39m","time":"2019-06-29T02:53:58.412Z","v":0}
{"name":"hexo","hostname":"VM_0_11_centos","pid":19711,"level":20,"msg":"Plugin loaded: \u001b[35mhexo-renderer-marked\u001b[39m","time":"2019-06-29T02:53:58.501Z","v":0}
{"name":"hexo","hostname":"VM_0_11_centos","pid":19711,"level":20,"msg":"Plugin loaded: \u001b[35mhexo-renderer-stylus\u001b[39m","time":"2019-06-29T02:53:58.503Z","v":0}
{"name":"hexo","hostname":"VM_0_11_centos","pid":19711,"level":20,"msg":"Plugin loaded: \u001b[35mhexo-server\u001b[39m","time":"2019-06-29T02:53:58.616Z","v":0}
{"name":"hexo","hostname":"VM_0_11_centos","pid":19711,"level":20,"msg":"Loading database.","time":"2019-06-29T02:53:58.619Z","v":0}
{"name":"hexo","hostname":"VM_0_11_centos","pid":19711,"level":30,"msg":"Start processing","time":"2019-06-29T02:53:58.630Z","v":0}
{"name":"hexo","hostname":"VM_0_11_centos","pid":19711,"level":20,"msg":"Processed: \u001b[35mhe\u001b[39m","time":"2019-06-29T02:53:58.649Z","v":0}
{"name":"hexo","hostname":"VM_0_11_centos","pid":19711,"level":20,"msg":"Processed: \u001b[35m_posts/\\\u001b[39m","time":"2019-06-29T02:53:58.665Z","v":0}
{"name":"hexo","hostname":"VM_0_11_centos","pid":19711,"level":20,"msg":"Processed: \u001b[35mimages/w.png\u001b[39m","time":"2019-06-29T02:53:58.671Z","v":0}
{"name":"hexo","hostname":"VM_0_11_centos","pid":19711,"level":20,"msg":"Processed: \u001b[35m_posts/oc\u001b[39m","time":"2019-06-29T02:53:58.675Z","v":0}
{"name":"hexo","hostname":"VM_0_11_centos","pid":19711,"level":20,"msg":"Processed: \u001b[35mabout/index.md\u001b[39m","time":"2019-06-29T02:53:58.721Z","v":0}
{"name":"hexo","hostname":"VM_0_11_centos","pid":19711,"level":20,"msg":"Processed: \u001b[35m_posts/hello-world.md\u001b[39m","time":"2019-06-29T02:53:58.730Z","v":0}
{"name":"hexo","hostname":"VM_0_11_centos","pid":19711,"level":20,"msg":"Processed: \u001b[35m_posts/RIIT.md\u001b[39m","time":"2019-06-29T02:53:58.734Z","v":0}
{"name":"hexo","hostname":"VM_0_11_centos","pid":19711,"level":20,"msg":"Processed: \u001b[35m_posts/concurrency.md\u001b[39m","time":"2019-06-29T02:53:58.739Z","v":0}
{"name":"hexo","hostname":"VM_0_11_centos","pid":19711,"level":20,"msg":"Processed: \u001b[35m_posts/generics.md\u001b[39m","time":"2019-06-29T02:53:58.740Z","v":0}
{"name":"hexo","hostname":"VM_0_11_centos","pid":19711,"level":20,"msg":"Processed: \u001b[35m_posts/我对java-String的理解.md\u001b[39m","time":"2019-06-29T02:53:58.743Z","v":0}
{"name":"hexo","hostname":"VM_0_11_centos","pid":19711,"level":20,"msg":"Processed: \u001b[35m_posts/tree.md\u001b[39m","time":"2019-06-29T02:53:58.743Z","v":0}
{"name":"hexo","hostname":"VM_0_11_centos","pid":19711,"level":20,"msg":"Processed: \u001b[35mtafs/index.md\u001b[39m","time":"2019-06-29T02:53:58.759Z","v":0}
{"name":"hexo","hostname":"VM_0_11_centos","pid":19711,"level":20,"msg":"Processed: \u001b[35mtags/index.md\u001b[39m","time":"2019-06-29T02:53:58.767Z","v":0}
{"name":"hexo","hostname":"VM_0_11_centos","pid":19711,"level":20,"msg":"Processed: \u001b[35mimages/resume.jpg\u001b[39m","time":"2019-06-29T02:53:58.768Z","v":0}
{"name":"hexo","hostname":"VM_0_11_centos","pid":19711,"level":20,"msg":"Processed: \u001b[35mimages/tree.png\u001b[39m","time":"2019-06-29T02:53:58.804Z","v":0}
{"name":"hexo","hostname":"VM_0_11_centos","pid":19711,"level":20,"msg":"Generator: \u001b[35mpage\u001b[39m","time":"2019-06-29T02:53:59.107Z","v":0}
{"name":"hexo","hostname":"VM_0_11_centos","pid":19711,"level":20,"msg":"Generator: \u001b[35mpost\u001b[39m","time":"2019-06-29T02:53:59.107Z","v":0}
{"name":"hexo","hostname":"VM_0_11_centos","pid":19711,"level":20,"msg":"Generator: \u001b[35marchive\u001b[39m","time":"2019-06-29T02:53:59.107Z","v":0}
{"name":"hexo","hostname":"VM_0_11_centos","pid":19711,"level":20,"msg":"Generator: \u001b[35mcategory\u001b[39m","time":"2019-06-29T02:53:59.107Z","v":0}
{"name":"hexo","hostname":"VM_0_11_centos","pid":19711,"level":20,"msg":"Generator: \u001b[35mindex\u001b[39m","time":"2019-06-29T02:53:59.108Z","v":0}
{"name":"hexo","hostname":"VM_0_11_centos","pid":19711,"level":20,"msg":"Generator: \u001b[35mtag\u001b[39m","time":"2019-06-29T02:53:59.108Z","v":0}
{"name":"hexo","hostname":"VM_0_11_centos","pid":19711,"level":20,"msg":"Generator: \u001b[35masset\u001b[39m","time":"2019-06-29T02:53:59.111Z","v":0}
{"name":"hexo","hostname":"VM_0_11_centos","pid":19711,"level":30,"msg":"Files loaded in \u001b[36m498 ms\u001b[39m","time":"2019-06-29T02:53:59.117Z","v":0}
{"name":"hexo","hostname":"VM_0_11_centos","pid":19711,"level":40,"msg":"No layout: \u001b[35mabout/index.html\u001b[39m","time":"2019-06-29T02:53:59.128Z","v":0}
{"name":"hexo","hostname":"VM_0_11_centos","pid":19711,"level":40,"msg":"No layout: \u001b[35mtafs/index.html\u001b[39m","time":"2019-06-29T02:53:59.129Z","v":0}
{"name":"hexo","hostname":"VM_0_11_centos","pid":19711,"level":40,"msg":"No layout: \u001b[35mtags/index.html\u001b[39m","time":"2019-06-29T02:53:59.129Z","v":0}
{"name":"hexo","hostname":"VM_0_11_centos","pid":19711,"level":40,"msg":"No layout: \u001b[35m2019/06/25/hello-world/index.html\u001b[39m","time":"2019-06-29T02:53:59.132Z","v":0}
{"name":"hexo","hostname":"VM_0_11_centos","pid":19711,"level":40,"msg":"No layout: \u001b[35m2016/05/31/tree/index.html\u001b[39m","time":"2019-06-29T02:53:59.132Z","v":0}
{"name":"hexo","hostname":"VM_0_11_centos","pid":19711,"level":40,"msg":"No layout: \u001b[35m2016/04/26/concurrency/index.html\u001b[39m","time":"2019-06-29T02:53:59.133Z","v":0}
{"name":"hexo","hostname":"VM_0_11_centos","pid":19711,"level":40,"msg":"No layout: \u001b[35m2016/04/26/generics/index.html\u001b[39m","time":"2019-06-29T02:53:59.133Z","v":0}
{"name":"hexo","hostname":"VM_0_11_centos","pid":19711,"level":40,"msg":"No layout: \u001b[35m2016/04/20/RIIT/index.html\u001b[39m","time":"2019-06-29T02:53:59.133Z","v":0}
{"name":"hexo","hostname":"VM_0_11_centos","pid":19711,"level":40,"msg":"No layout: \u001b[35m2016/04/19/我对java-String的理解/index.html\u001b[39m","time":"2019-06-29T02:53:59.134Z","v":0}
{"name":"hexo","hostname":"VM_0_11_centos","pid":19711,"level":40,"msg":"No layout: \u001b[35marchives/index.html\u001b[39m","time":"2019-06-29T02:53:59.134Z","v":0}
{"name":"hexo","hostname":"VM_0_11_centos","pid":19711,"level":40,"msg":"No layout: \u001b[35marchives/2016/index.html\u001b[39m","time":"2019-06-29T02:53:59.134Z","v":0}
{"name":"hexo","hostname":"VM_0_11_centos","pid":19711,"level":40,"msg":"No layout: \u001b[35marchives/2016/04/index.html\u001b[39m","time":"2019-06-29T02:53:59.135Z","v":0}
{"name":"hexo","hostname":"VM_0_11_centos","pid":19711,"level":40,"msg":"No layout: \u001b[35marchives/2016/05/index.html\u001b[39m","time":"2019-06-29T02:53:59.138Z","v":0}
{"name":"hexo","hostname":"VM_0_11_centos","pid":19711,"level":40,"msg":"No layout: \u001b[35marchives/2019/index.html\u001b[39m","time":"2019-06-29T02:53:59.138Z","v":0}
{"name":"hexo","hostname":"VM_0_11_centos","pid":19711,"level":40,"msg":"No layout: \u001b[35marchives/2019/06/index.html\u001b[39m","time":"2019-06-29T02:53:59.138Z","v":0}
{"name":"hexo","hostname":"VM_0_11_centos","pid":19711,"level":40,"msg":"No layout: \u001b[35mindex.html\u001b[39m","time":"2019-06-29T02:53:59.140Z","v":0}
{"name":"hexo","hostname":"VM_0_11_centos","pid":19711,"level":40,"msg":"No layout: \u001b[35mtags/java-reflection/index.html\u001b[39m","time":"2019-06-29T02:53:59.140Z","v":0}
{"name":"hexo","hostname":"VM_0_11_centos","pid":19711,"level":40,"msg":"No layout: \u001b[35mtags/concurrency/index.html\u001b[39m","time":"2019-06-29T02:53:59.141Z","v":0}
{"name":"hexo","hostname":"VM_0_11_centos","pid":19711,"level":40,"msg":"No layout: \u001b[35mtags/generics/index.html\u001b[39m","time":"2019-06-29T02:53:59.141Z","v":0}
{"name":"hexo","hostname":"VM_0_11_centos","pid":19711,"level":40,"msg":"No layout: \u001b[35mtags/java/index.html\u001b[39m","time":"2019-06-29T02:53:59.141Z","v":0}
{"name":"hexo","hostname":"VM_0_11_centos","pid":19711,"level":40,"msg":"No layout: \u001b[35mtags/data-struct/index.html\u001b[39m","time":"2019-06-29T02:53:59.141Z","v":0}
{"name":"hexo","hostname":"VM_0_11_centos","pid":19711,"level":30,"msg":"Generated: \u001b[35mabout/index.html\u001b[39m","time":"2019-06-29T02:53:59.159Z","v":0}
{"name":"hexo","hostname":"VM_0_11_centos","pid":19711,"level":30,"msg":"Generated: \u001b[35mtafs/index.html\u001b[39m","time":"2019-06-29T02:53:59.159Z","v":0}
{"name":"hexo","hostname":"VM_0_11_centos","pid":19711,"level":30,"msg":"Generated: \u001b[35mtags/index.html\u001b[39m","time":"2019-06-29T02:53:59.159Z","v":0}
{"name":"hexo","hostname":"VM_0_11_centos","pid":19711,"level":30,"msg":"Generated: \u001b[35m2019/06/25/hello-world/index.html\u001b[39m","time":"2019-06-29T02:53:59.160Z","v":0}
{"name":"hexo","hostname":"VM_0_11_centos","pid":19711,"level":30,"msg":"Generated: \u001b[35m2016/05/31/tree/index.html\u001b[39m","time":"2019-06-29T02:53:59.160Z","v":0}
{"name":"hexo","hostname":"VM_0_11_centos","pid":19711,"level":30,"msg":"Generated: \u001b[35m2016/04/26/concurrency/index.html\u001b[39m","time":"2019-06-29T02:53:59.160Z","v":0}
{"name":"hexo","hostname":"VM_0_11_centos","pid":19711,"level":30,"msg":"Generated: \u001b[35m2016/04/26/generics/index.html\u001b[39m","time":"2019-06-29T02:53:59.160Z","v":0}
{"name":"hexo","hostname":"VM_0_11_centos","pid":19711,"level":30,"msg":"Generated: \u001b[35m2016/04/20/RIIT/index.html\u001b[39m","time":"2019-06-29T02:53:59.160Z","v":0}
{"name":"hexo","hostname":"VM_0_11_centos","pid":19711,"level":30,"msg":"Generated: \u001b[35m2016/04/19/我对java-String的理解/index.html\u001b[39m","time":"2019-06-29T02:53:59.160Z","v":0}
{"name":"hexo","hostname":"VM_0_11_centos","pid":19711,"level":30,"msg":"Generated: \u001b[35marchives/index.html\u001b[39m","time":"2019-06-29T02:53:59.161Z","v":0}
{"name":"hexo","hostname":"VM_0_11_centos","pid":19711,"level":30,"msg":"Generated: \u001b[35marchives/2016/index.html\u001b[39m","time":"2019-06-29T02:53:59.161Z","v":0}
{"name":"hexo","hostname":"VM_0_11_centos","pid":19711,"level":30,"msg":"Generated: \u001b[35marchives/2016/04/index.html\u001b[39m","time":"2019-06-29T02:53:59.161Z","v":0}
{"name":"hexo","hostname":"VM_0_11_centos","pid":19711,"level":30,"msg":"Generated: \u001b[35marchives/2016/05/index.html\u001b[39m","time":"2019-06-29T02:53:59.161Z","v":0}
{"name":"hexo","hostname":"VM_0_11_centos","pid":19711,"level":30,"msg":"Generated: \u001b[35marchives/2019/index.html\u001b[39m","time":"2019-06-29T02:53:59.161Z","v":0}
{"name":"hexo","hostname":"VM_0_11_centos","pid":19711,"level":30,"msg":"Generated: \u001b[35marchives/2019/06/index.html\u001b[39m","time":"2019-06-29T02:53:59.161Z","v":0}
{"name":"hexo","hostname":"VM_0_11_centos","pid":19711,"level":30,"msg":"Generated: \u001b[35mindex.html\u001b[39m","time":"2019-06-29T02:53:59.163Z","v":0}
{"name":"hexo","hostname":"VM_0_11_centos","pid":19711,"level":30,"msg":"Generated: \u001b[35mtags/java-reflection/index.html\u001b[39m","time":"2019-06-29T02:53:59.163Z","v":0}
{"name":"hexo","hostname":"VM_0_11_centos","pid":19711,"level":30,"msg":"Generated: \u001b[35mtags/concurrency/index.html\u001b[39m","time":"2019-06-29T02:53:59.163Z","v":0}
{"name":"hexo","hostname":"VM_0_11_centos","pid":19711,"level":30,"msg":"Generated: \u001b[35mtags/generics/index.html\u001b[39m","time":"2019-06-29T02:53:59.163Z","v":0}
{"name":"hexo","hostname":"VM_0_11_centos","pid":19711,"level":30,"msg":"Generated: \u001b[35mtags/java/index.html\u001b[39m","time":"2019-06-29T02:53:59.163Z","v":0}
{"name":"hexo","hostname":"VM_0_11_centos","pid":19711,"level":30,"msg":"Generated: \u001b[35mtags/data-struct/index.html\u001b[39m","time":"2019-06-29T02:53:59.164Z","v":0}
{"name":"hexo","hostname":"VM_0_11_centos","pid":19711,"level":30,"msg":"Generated: \u001b[35mhe\u001b[39m","time":"2019-06-29T02:53:59.164Z","v":0}
{"name":"hexo","hostname":"VM_0_11_centos","pid":19711,"level":30,"msg":"Generated: \u001b[35mimages/w.png\u001b[39m","time":"2019-06-29T02:53:59.165Z","v":0}
{"name":"hexo","hostname":"VM_0_11_centos","pid":19711,"level":30,"msg":"Generated: \u001b[35mimages/resume.jpg\u001b[39m","time":"2019-06-29T02:53:59.167Z","v":0}
{"name":"hexo","hostname":"VM_0_11_centos","pid":19711,"level":30,"msg":"Generated: \u001b[35mimages/tree.png\u001b[39m","time":"2019-06-29T02:53:59.202Z","v":0}
{"name":"hexo","hostname":"VM_0_11_centos","pid":19711,"level":30,"msg":"25 files generated in \u001b[36m85 ms\u001b[39m","time":"2019-06-29T02:53:59.202Z","v":0}
{"name":"hexo","hostname":"VM_0_11_centos","pid":19711,"level":20,"msg":"Database saved","time":"2019-06-29T02:53:59.220Z","v":0}
{"name":"hexo","hostname":"VM_0_11_centos","pid":19982,"level":20,"msg":"Hexo version: \u001b[35m3.2.0\u001b[39m","time":"2019-06-29T02:55:14.317Z","v":0}
{"name":"hexo","hostname":"VM_0_11_centos","pid":19982,"level":20,"msg":"Working directory: \u001b[35m~/blog/\u001b[39m","time":"2019-06-29T02:55:14.321Z","v":0}
{"name":"hexo","hostname":"VM_0_11_centos","pid":19982,"level":20,"msg":"Config loaded: \u001b[35m~/blog/_config.yml\u001b[39m","time":"2019-06-29T02:55:14.474Z","v":0}
{"name":"hexo","hostname":"VM_0_11_centos","pid":19982,"level":20,"msg":"Plugin loaded: \u001b[35mhexo-deployer-git\u001b[39m","time":"2019-06-29T02:55:14.936Z","v":0}
{"name":"hexo","hostname":"VM_0_11_centos","pid":19982,"level":20,"msg":"Plugin loaded: \u001b[35mhexo-generator-archive\u001b[39m","time":"2019-06-29T02:55:14.941Z","v":0}
{"name":"hexo","hostname":"VM_0_11_centos","pid":19982,"level":20,"msg":"Plugin loaded: \u001b[35mhexo-generator-category\u001b[39m","time":"2019-06-29T02:55:14.946Z","v":0}
{"name":"hexo","hostname":"VM_0_11_centos","pid":19982,"level":20,"msg":"Plugin loaded: \u001b[35mhexo-generator-index\u001b[39m","time":"2019-06-29T02:55:14.951Z","v":0}
{"name":"hexo","hostname":"VM_0_11_centos","pid":19982,"level":20,"msg":"Plugin loaded: \u001b[35mhexo-generator-tag\u001b[39m","time":"2019-06-29T02:55:14.956Z","v":0}
{"name":"hexo","hostname":"VM_0_11_centos","pid":19982,"level":20,"msg":"Plugin loaded: \u001b[35mhexo-renderer-ejs\u001b[39m","time":"2019-06-29T02:55:14.967Z","v":0}
{"name":"hexo","hostname":"VM_0_11_centos","pid":19982,"level":20,"msg":"Plugin loaded: \u001b[35mhexo-renderer-less\u001b[39m","time":"2019-06-29T02:55:15.076Z","v":0}
{"name":"hexo","hostname":"VM_0_11_centos","pid":19982,"level":20,"msg":"Plugin loaded: \u001b[35mhexo-renderer-jade\u001b[39m","time":"2019-06-29T02:55:15.914Z","v":0}
{"name":"hexo","hostname":"VM_0_11_centos","pid":19982,"level":20,"msg":"Plugin loaded: \u001b[35mhexo-renderer-marked\u001b[39m","time":"2019-06-29T02:55:16.075Z","v":0}
{"name":"hexo","hostname":"VM_0_11_centos","pid":19982,"level":20,"msg":"Plugin loaded: \u001b[35mhexo-server\u001b[39m","time":"2019-06-29T02:55:16.295Z","v":0}
{"name":"hexo","hostname":"VM_0_11_centos","pid":19982,"level":20,"msg":"Plugin loaded: \u001b[35mhexo-renderer-stylus\u001b[39m","time":"2019-06-29T02:55:16.297Z","v":0}
{"name":"hexo","hostname":"VM_0_11_centos","pid":19982,"level":20,"msg":"Loading database.","time":"2019-06-29T02:55:16.299Z","v":0}
{"name":"hexo","hostname":"VM_0_11_centos","pid":19982,"level":30,"msg":"Start processing","time":"2019-06-29T02:55:16.420Z","v":0}
{"name":"hexo","hostname":"VM_0_11_centos","pid":19982,"level":20,"msg":"Processed: \u001b[35mhe\u001b[39m","time":"2019-06-29T02:55:16.445Z","v":0}
{"name":"hexo","hostname":"VM_0_11_centos","pid":19982,"level":20,"msg":"Processed: \u001b[35m_posts/RIIT.md\u001b[39m","time":"2019-06-29T02:55:16.483Z","v":0}
{"name":"hexo","hostname":"VM_0_11_centos","pid":19982,"level":20,"msg":"Processed: \u001b[35m_posts/\\\u001b[39m","time":"2019-06-29T02:55:16.484Z","v":0}
{"name":"hexo","hostname":"VM_0_11_centos","pid":19982,"level":20,"msg":"Processed: \u001b[35m_posts/concurrency.md\u001b[39m","time":"2019-06-29T02:55:16.484Z","v":0}
{"name":"hexo","hostname":"VM_0_11_centos","pid":19982,"level":20,"msg":"Processed: \u001b[35m_posts/generics.md\u001b[39m","time":"2019-06-29T02:55:16.484Z","v":0}
{"name":"hexo","hostname":"VM_0_11_centos","pid":19982,"level":20,"msg":"Processed: \u001b[35m_posts/hello-world.md\u001b[39m","time":"2019-06-29T02:55:16.484Z","v":0}
{"name":"hexo","hostname":"VM_0_11_centos","pid":19982,"level":20,"msg":"Processed: \u001b[35m_posts/我对java-String的理解.md\u001b[39m","time":"2019-06-29T02:55:16.484Z","v":0}
{"name":"hexo","hostname":"VM_0_11_centos","pid":19982,"level":20,"msg":"Processed: \u001b[35m_posts/tree.md\u001b[39m","time":"2019-06-29T02:55:16.484Z","v":0}
{"name":"hexo","hostname":"VM_0_11_centos","pid":19982,"level":20,"msg":"Processed: \u001b[35mabout/index.md\u001b[39m","time":"2019-06-29T02:55:16.489Z","v":0}
{"name":"hexo","hostname":"VM_0_11_centos","pid":19982,"level":20,"msg":"Processed: \u001b[35mtafs/index.md\u001b[39m","time":"2019-06-29T02:55:16.489Z","v":0}
{"name":"hexo","hostname":"VM_0_11_centos","pid":19982,"level":20,"msg":"Processed: \u001b[35mimages/w.png\u001b[39m","time":"2019-06-29T02:55:16.491Z","v":0}
{"name":"hexo","hostname":"VM_0_11_centos","pid":19982,"level":20,"msg":"Processed: \u001b[35m_posts/oc\u001b[39m","time":"2019-06-29T02:55:16.493Z","v":0}
{"name":"hexo","hostname":"VM_0_11_centos","pid":19982,"level":20,"msg":"Processed: \u001b[35mtags/index.md\u001b[39m","time":"2019-06-29T02:55:16.493Z","v":0}
{"name":"hexo","hostname":"VM_0_11_centos","pid":19982,"level":20,"msg":"Processed: \u001b[35mimages/resume.jpg\u001b[39m","time":"2019-06-29T02:55:16.497Z","v":0}
{"name":"hexo","hostname":"VM_0_11_centos","pid":19982,"level":20,"msg":"Processed: \u001b[35mimages/tree.png\u001b[39m","time":"2019-06-29T02:55:16.528Z","v":0}
{"name":"hexo","hostname":"VM_0_11_centos","pid":19982,"level":20,"msg":"Processed: \u001b[35m_posts//\u001b[39m","time":"2019-06-29T02:55:16.532Z","v":0}
{"name":"hexo","hostname":"VM_0_11_centos","pid":19982,"level":20,"msg":"Generator: \u001b[35mpage\u001b[39m","time":"2019-06-29T02:55:16.596Z","v":0}
{"name":"hexo","hostname":"VM_0_11_centos","pid":19982,"level":20,"msg":"Generator: \u001b[35mpost\u001b[39m","time":"2019-06-29T02:55:16.596Z","v":0}
{"name":"hexo","hostname":"VM_0_11_centos","pid":19982,"level":20,"msg":"Generator: \u001b[35marchive\u001b[39m","time":"2019-06-29T02:55:16.596Z","v":0}
{"name":"hexo","hostname":"VM_0_11_centos","pid":19982,"level":20,"msg":"Generator: \u001b[35mcategory\u001b[39m","time":"2019-06-29T02:55:16.596Z","v":0}
{"name":"hexo","hostname":"VM_0_11_centos","pid":19982,"level":20,"msg":"Generator: \u001b[35mindex\u001b[39m","time":"2019-06-29T02:55:16.596Z","v":0}
{"name":"hexo","hostname":"VM_0_11_centos","pid":19982,"level":20,"msg":"Generator: \u001b[35mtag\u001b[39m","time":"2019-06-29T02:55:16.596Z","v":0}
{"name":"hexo","hostname":"VM_0_11_centos","pid":19982,"level":20,"msg":"Generator: \u001b[35masset\u001b[39m","time":"2019-06-29T02:55:16.597Z","v":0}
{"name":"hexo","hostname":"VM_0_11_centos","pid":19982,"level":30,"msg":"Files loaded in \u001b[36m310 ms\u001b[39m","time":"2019-06-29T02:55:16.609Z","v":0}
{"name":"hexo","hostname":"VM_0_11_centos","pid":19982,"level":40,"msg":"No layout: \u001b[35mabout/index.html\u001b[39m","time":"2019-06-29T02:55:16.620Z","v":0}
{"name":"hexo","hostname":"VM_0_11_centos","pid":19982,"level":40,"msg":"No layout: \u001b[35mtafs/index.html\u001b[39m","time":"2019-06-29T02:55:16.621Z","v":0}
{"name":"hexo","hostname":"VM_0_11_centos","pid":19982,"level":40,"msg":"No layout: \u001b[35mtags/index.html\u001b[39m","time":"2019-06-29T02:55:16.621Z","v":0}
{"name":"hexo","hostname":"VM_0_11_centos","pid":19982,"level":40,"msg":"No layout: \u001b[35m2019/06/25/hello-world/index.html\u001b[39m","time":"2019-06-29T02:55:16.621Z","v":0}
{"name":"hexo","hostname":"VM_0_11_centos","pid":19982,"level":40,"msg":"No layout: \u001b[35m2016/05/31/tree/index.html\u001b[39m","time":"2019-06-29T02:55:16.622Z","v":0}
{"name":"hexo","hostname":"VM_0_11_centos","pid":19982,"level":40,"msg":"No layout: \u001b[35m2016/04/26/concurrency/index.html\u001b[39m","time":"2019-06-29T02:55:16.623Z","v":0}
{"name":"hexo","hostname":"VM_0_11_centos","pid":19982,"level":40,"msg":"No layout: \u001b[35m2016/04/26/generics/index.html\u001b[39m","time":"2019-06-29T02:55:16.626Z","v":0}
{"name":"hexo","hostname":"VM_0_11_centos","pid":19982,"level":40,"msg":"No layout: \u001b[35m2016/04/20/RIIT/index.html\u001b[39m","time":"2019-06-29T02:55:16.626Z","v":0}
{"name":"hexo","hostname":"VM_0_11_centos","pid":19982,"level":40,"msg":"No layout: \u001b[35m2016/04/19/我对java-String的理解/index.html\u001b[39m","time":"2019-06-29T02:55:16.628Z","v":0}
{"name":"hexo","hostname":"VM_0_11_centos","pid":19982,"level":40,"msg":"No layout: \u001b[35marchives/index.html\u001b[39m","time":"2019-06-29T02:55:16.628Z","v":0}
{"name":"hexo","hostname":"VM_0_11_centos","pid":19982,"level":40,"msg":"No layout: \u001b[35marchives/2016/index.html\u001b[39m","time":"2019-06-29T02:55:16.628Z","v":0}
{"name":"hexo","hostname":"VM_0_11_centos","pid":19982,"level":40,"msg":"No layout: \u001b[35marchives/2016/04/index.html\u001b[39m","time":"2019-06-29T02:55:16.629Z","v":0}
{"name":"hexo","hostname":"VM_0_11_centos","pid":19982,"level":40,"msg":"No layout: \u001b[35marchives/2016/05/index.html\u001b[39m","time":"2019-06-29T02:55:16.629Z","v":0}
{"name":"hexo","hostname":"VM_0_11_centos","pid":19982,"level":40,"msg":"No layout: \u001b[35marchives/2019/index.html\u001b[39m","time":"2019-06-29T02:55:16.631Z","v":0}
{"name":"hexo","hostname":"VM_0_11_centos","pid":19982,"level":40,"msg":"No layout: \u001b[35mindex.html\u001b[39m","time":"2019-06-29T02:55:16.632Z","v":0}
{"name":"hexo","hostname":"VM_0_11_centos","pid":19982,"level":40,"msg":"No layout: \u001b[35mtags/java-reflection/index.html\u001b[39m","time":"2019-06-29T02:55:16.632Z","v":0}
{"name":"hexo","hostname":"VM_0_11_centos","pid":19982,"level":40,"msg":"No layout: \u001b[35mtags/concurrency/index.html\u001b[39m","time":"2019-06-29T02:55:16.632Z","v":0}
{"name":"hexo","hostname":"VM_0_11_centos","pid":19982,"level":40,"msg":"No layout: \u001b[35mtags/generics/index.html\u001b[39m","time":"2019-06-29T02:55:16.632Z","v":0}
{"name":"hexo","hostname":"VM_0_11_centos","pid":19982,"level":40,"msg":"No layout: \u001b[35mtags/java/index.html\u001b[39m","time":"2019-06-29T02:55:16.633Z","v":0}
{"name":"hexo","hostname":"VM_0_11_centos","pid":19982,"level":40,"msg":"No layout: \u001b[35mtags/data-struct/index.html\u001b[39m","time":"2019-06-29T02:55:16.634Z","v":0}
{"name":"hexo","hostname":"VM_0_11_centos","pid":19982,"level":40,"msg":"No layout: \u001b[35marchives/2019/06/index.html\u001b[39m","time":"2019-06-29T02:55:16.634Z","v":0}
{"name":"hexo","hostname":"VM_0_11_centos","pid":19982,"level":30,"msg":"0 files generated in \u001b[36m29 ms\u001b[39m","time":"2019-06-29T02:55:16.639Z","v":0}
{"name":"hexo","hostname":"VM_0_11_centos","pid":19982,"level":20,"msg":"Database saved","time":"2019-06-29T02:55:16.656Z","v":0}
